#
# A fatal error has been detected by the Java Runtime Environment:
#
#  EXCEPTION_ACCESS_VIOLATION (0xc0000005) at pc=0x00000000520ffc93, pid=420, tid=2184
#
# JRE version: Java(TM) SE Runtime Environment (8.0_65-b17) (build 1.8.0_65-b17)
# Java VM: Java HotSpot(TM) 64-Bit Server VM (25.65-b01 mixed mode windows-amd64 compressed oops)
# Problematic frame:
# C  [nvoglv64.DLL+0x98fc93]
#
# Failed to write core dump. Minidumps are not enabled by default on client versions of Windows
#
# If you would like to submit a bug report, please visit:
#   http://bugreport.java.com/bugreport/crash.jsp
# The crash happened outside the Java Virtual Machine in native code.
# See problematic frame for where to report the bug.
#

---------------  T H R E A D  ---------------

Current thread (0x000000002873a000):  JavaThread "AWT-EventQueue-0" [_thread_in_native, id=2184, stack(0x000000002e090000,0x000000002e190000)]

siginfo: ExceptionCode=0xc0000005, reading address 0x0000000000000000

Registers:
RAX=0x00000000315f4540, RBX=0x0000000000000000, RCX=0x0000000000000300, RDX=0x00000000315f4540
RSP=0x000000002e18c750, RBP=0x000000002ed7ee00, RSI=0x0000000000000000, RDI=0x0000000000000000
R8 =0x0000000000000000, R9 =0x0000000000000003, R10=0xffffffffcea0bac0, R11=0x000000002e18c720
R12=0x0000000000000000, R13=0x00000000521ab4f0, R14=0x00000000315f4540, R15=0x0000000000000003
RIP=0x00000000520ffc93, EFLAGS=0x0000000000010246

Top of Stack: (sp=0x000000002e18c750)
0x000000002e18c750:   0000000000000000 0000000000000000
0x000000002e18c760:   0000000000000000 0000000000000000
0x000000002e18c770:   0000000000000000 0000000000000000
0x000000002e18c780:   0000000033a50000 00000000520ff4be
0x000000002e18c790:   0000000000000000 0000000000000003
0x000000002e18c7a0:   0000000000000001 0000000000000000
0x000000002e18c7b0:   000000002e18c800 0000000000000000
0x000000002e18c7c0:   000000002873a1f8 000000002e18c9a8
0x000000002e18c7d0:   0000000000000000 000000005210594e
0x000000002e18c7e0:   0000000000000000 0000000000000000
0x000000002e18c7f0:   0000000000000000 0000000028712fe0
0x000000002e18c800:   000000002dff9600 000000002e18c9a8
0x000000002e18c810:   000000002873d100 000000006451f50f
0x000000002e18c820:   000000002e18d598 00000000276e6990
0x000000002e18c830:   00000000000003d8 00000000276e69a0
0x000000002e18c840:   000000012dff96d8 0000000000000003 

Instructions: (pc=0x00000000520ffc93)
0x00000000520ffc73:   45 85 ff 7e 44 4c 8b d3 49 8b d6 4c 8b c7 4d 2b
0x00000000520ffc83:   d6 45 8b cf 48 85 ff 74 07 49 63 00 85 c0 79 16
0x00000000520ffc93:   49 8b 0c 12 48 83 c8 ff 0f 1f 44 00 00 48 ff c0
0x00000000520ffca3:   80 3c 01 00 75 f7 48 89 02 48 83 c2 08 48 03 f0 


Register to memory mapping:

RAX=0x00000000315f4540 is an unknown value
RBX=0x0000000000000000 is an unknown value
RCX=0x0000000000000300 is an unknown value
RDX=0x00000000315f4540 is an unknown value
RSP=0x000000002e18c750 is pointing into the stack for thread: 0x000000002873a000
RBP=0x000000002ed7ee00 is an unknown value
RSI=0x0000000000000000 is an unknown value
RDI=0x0000000000000000 is an unknown value
R8 =0x0000000000000000 is an unknown value
R9 =0x0000000000000003 is an unknown value
R10=0xffffffffcea0bac0 is an unknown value
R11=0x000000002e18c720 is pointing into the stack for thread: 0x000000002873a000
R12=0x0000000000000000 is an unknown value
R13=0x00000000521ab4f0 is an unknown value
R14=0x00000000315f4540 is an unknown value
R15=0x0000000000000003 is an unknown value


Stack: [0x000000002e090000,0x000000002e190000],  sp=0x000000002e18c750,  free space=1009k
Native frames: (J=compiled Java code, j=interpreted, Vv=VM code, C=native code)
C  [nvoglv64.DLL+0x98fc93]
C  [nvoglv64.DLL+0x98f4be]
C  [nvoglv64.DLL+0x99594e]
C  [jogl_desktop.dll+0x1f50f]
C  0x0000000002535e34

Java frames: (J=compiled Java code, j=interpreted, Vv=VM code)
j  jogamp.opengl.gl4.GL4bcImpl.dispatch_glShaderSource1(II[Ljava/lang/String;Ljava/lang/Object;IZJ)V+0
j  jogamp.opengl.gl4.GL4bcImpl.glShaderSource(II[Ljava/lang/String;[II)V+110
j  a1.createShaderProgram()I+54
j  a1.init(Lcom/jogamp/opengl/GLAutoDrawable;)V+9
j  jogamp.opengl.GLDrawableHelper.init(Lcom/jogamp/opengl/GLEventListener;Lcom/jogamp/opengl/GLAutoDrawable;Z)V+2
j  jogamp.opengl.GLDrawableHelper.init(Lcom/jogamp/opengl/GLAutoDrawable;Z)V+81
j  com.jogamp.opengl.awt.GLCanvas$10.run()V+26
j  jogamp.opengl.GLDrawableHelper.invokeGLImpl(Lcom/jogamp/opengl/GLDrawable;Lcom/jogamp/opengl/GLContext;Ljava/lang/Runnable;Ljava/lang/Runnable;)V+197
j  jogamp.opengl.GLDrawableHelper.invokeGL(Lcom/jogamp/opengl/GLDrawable;Lcom/jogamp/opengl/GLContext;Ljava/lang/Runnable;Ljava/lang/Runnable;)V+72
j  com.jogamp.opengl.awt.GLCanvas$12.run()V+104
j  com.jogamp.opengl.Threading.invoke(ZLjava/lang/Runnable;Ljava/lang/Object;)V+27
j  com.jogamp.opengl.awt.GLCanvas.display()V+64
j  com.jogamp.opengl.awt.GLCanvas.paint(Ljava/awt/Graphics;)V+137
j  sun.awt.RepaintArea.paintComponent(Ljava/awt/Component;Ljava/awt/Graphics;)V+6
j  sun.awt.RepaintArea.paint(Ljava/lang/Object;Z)V+326
j  sun.awt.windows.WComponentPeer.handleEvent(Ljava/awt/AWTEvent;)V+155
j  java.awt.Component.dispatchEventImpl(Ljava/awt/AWTEvent;)V+877
j  java.awt.Component.dispatchEvent(Ljava/awt/AWTEvent;)V+2
j  java.awt.EventQueue.dispatchEventImpl(Ljava/awt/AWTEvent;Ljava/lang/Object;)V+41
j  java.awt.EventQueue.access$500(Ljava/awt/EventQueue;Ljava/awt/AWTEvent;Ljava/lang/Object;)V+3
j  java.awt.EventQueue$3.run()Ljava/lang/Void;+32
j  java.awt.EventQueue$3.run()Ljava/lang/Object;+1
v  ~StubRoutines::call_stub
j  java.security.AccessController.doPrivileged(Ljava/security/PrivilegedAction;Ljava/security/AccessControlContext;)Ljava/lang/Object;+0
j  java.security.ProtectionDomain$JavaSecurityAccessImpl.doIntersectionPrivilege(Ljava/security/PrivilegedAction;Ljava/security/AccessControlContext;Ljava/security/AccessControlContext;)Ljava/lang/Object;+18
j  java.security.ProtectionDomain$JavaSecurityAccessImpl.doIntersectionPrivilege(Ljava/security/PrivilegedAction;Ljava/security/AccessControlContext;)Ljava/lang/Object;+6
j  java.awt.EventQueue$4.run()Ljava/lang/Void;+11
j  java.awt.EventQueue$4.run()Ljava/lang/Object;+1
v  ~StubRoutines::call_stub
j  java.security.AccessController.doPrivileged(Ljava/security/PrivilegedAction;Ljava/security/AccessControlContext;)Ljava/lang/Object;+0
j  java.security.ProtectionDomain$JavaSecurityAccessImpl.doIntersectionPrivilege(Ljava/security/PrivilegedAction;Ljava/security/AccessControlContext;Ljava/security/AccessControlContext;)Ljava/lang/Object;+18
j  java.awt.EventQueue.dispatchEvent(Ljava/awt/AWTEvent;)V+73
j  java.awt.EventDispatchThread.pumpOneEventForFilters(I)V+245
j  java.awt.EventDispatchThread.pumpEventsForFilter(ILjava/awt/Conditional;Ljava/awt/EventFilter;)V+35
j  java.awt.EventDispatchThread.pumpEventsForHierarchy(ILjava/awt/Conditional;Ljava/awt/Component;)V+11
j  java.awt.EventDispatchThread.pumpEvents(ILjava/awt/Conditional;)V+4
j  java.awt.EventDispatchThread.pumpEvents(Ljava/awt/Conditional;)V+3
j  java.awt.EventDispatchThread.run()V+9
v  ~StubRoutines::call_stub

---------------  P R O C E S S  ---------------

Java Threads: ( => current thread )
  0x0000000032780800 JavaThread "D3D Screen Updater" daemon [_thread_blocked, id=8532, stack(0x0000000033850000,0x0000000033950000)]
  0x000000000231e000 JavaThread "DestroyJavaVM" [_thread_blocked, id=912, stack(0x0000000002320000,0x0000000002420000)]
  0x00000000288de800 JavaThread "main-SharedResourceRunner" daemon [_thread_blocked, id=5300, stack(0x0000000030d50000,0x0000000030e50000)]
=>0x000000002873a000 JavaThread "AWT-EventQueue-0" [_thread_in_native, id=2184, stack(0x000000002e090000,0x000000002e190000)]
  0x00000000285f5800 JavaThread "AWT-Windows" daemon [_thread_in_native, id=5256, stack(0x0000000028f10000,0x0000000029010000)]
  0x00000000285f4800 JavaThread "AWT-Shutdown" [_thread_blocked, id=6320, stack(0x0000000028e10000,0x0000000028f10000)]
  0x00000000285f2000 JavaThread "Java2D Disposer" daemon [_thread_blocked, id=5128, stack(0x0000000028d10000,0x0000000028e10000)]
  0x00000000277f9800 JavaThread "Monitor Ctrl-Break" daemon [_thread_in_native, id=3028, stack(0x0000000028250000,0x0000000028350000)]
  0x0000000027721000 JavaThread "Service Thread" daemon [_thread_blocked, id=5224, stack(0x0000000028050000,0x0000000028150000)]
  0x0000000027692800 JavaThread "C1 CompilerThread3" daemon [_thread_blocked, id=7140, stack(0x0000000027f50000,0x0000000028050000)]
  0x000000002767d000 JavaThread "C2 CompilerThread2" daemon [_thread_blocked, id=6524, stack(0x0000000027e50000,0x0000000027f50000)]
  0x000000002767a800 JavaThread "C2 CompilerThread1" daemon [_thread_blocked, id=9096, stack(0x0000000027d50000,0x0000000027e50000)]
  0x0000000027677800 JavaThread "C2 CompilerThread0" daemon [_thread_blocked, id=5264, stack(0x0000000027c50000,0x0000000027d50000)]
  0x0000000027676800 JavaThread "Attach Listener" daemon [_thread_blocked, id=1812, stack(0x0000000027b50000,0x0000000027c50000)]
  0x0000000027675800 JavaThread "Signal Dispatcher" daemon [_thread_blocked, id=7516, stack(0x0000000027a50000,0x0000000027b50000)]
  0x000000000251a800 JavaThread "Finalizer" daemon [_thread_blocked, id=3804, stack(0x0000000027470000,0x0000000027570000)]
  0x0000000002514000 JavaThread "Reference Handler" daemon [_thread_blocked, id=544, stack(0x0000000027370000,0x0000000027470000)]

Other Threads:
  0x00000000255a9000 VMThread [stack: 0x0000000027270000,0x0000000027370000] [id=4536]
  0x0000000027746800 WatcherThread [stack: 0x0000000028150000,0x0000000028250000] [id=2524]

VM state:not at safepoint (normal execution)

VM Mutex/Monitor currently owned by a thread: None

Heap:
 PSYoungGen      total 153088K, used 50859K [0x0000000715a00000, 0x0000000720480000, 0x00000007c0000000)
  eden space 131584K, 38% used [0x0000000715a00000,0x0000000718baadf0,0x000000071da80000)
  from space 21504K, 0% used [0x000000071ef80000,0x000000071ef80000,0x0000000720480000)
  to   space 21504K, 0% used [0x000000071da80000,0x000000071da80000,0x000000071ef80000)
 ParOldGen       total 349696K, used 0K [0x00000005c0e00000, 0x00000005d6380000, 0x0000000715a00000)
  object space 349696K, 0% used [0x00000005c0e00000,0x00000005c0e00000,0x00000005d6380000)
 Metaspace       used 15323K, capacity 15520K, committed 15872K, reserved 1062912K
  class space    used 1586K, capacity 1671K, committed 1792K, reserved 1048576K

Card table byte_map: [0x00000000118e0000,0x00000000128e0000] byte_map_base: 0x000000000ead9000

Marking Bits: (ParMarkBitMap*) 0x00000000540ea5b0
 Begin Bits: [0x0000000013b90000, 0x000000001bb58000)
 End Bits:   [0x000000001bb58000, 0x0000000023b20000)

Polling page: 0x0000000002130000

CodeCache: size=245760Kb used=3053Kb max_used=3070Kb free=242706Kb
 bounds [0x0000000002520000, 0x0000000002830000, 0x0000000011520000]
 total_blobs=1546 nmethods=732 adapters=727
 compilation: enabled

Compilation events (10 events):
Event: 1.298 Thread 0x0000000027692800  729   !   3       java.util.zip.ZipFile::getInflater (56 bytes)
Event: 1.299 Thread 0x0000000027692800 nmethod 729 0x0000000002816910 code [0x0000000002816b00, 0x00000000028176b8]
Event: 1.299 Thread 0x0000000027692800  730       3       java.util.zip.InflaterInputStream::<init> (79 bytes)
Event: 1.299 Thread 0x0000000027692800 nmethod 730 0x0000000002817d10 code [0x0000000002817ec0, 0x00000000028185b8]
Event: 1.306 Thread 0x0000000027692800  731       3       java.util.regex.Pattern$Ctype::isSatisfiedBy (24 bytes)
Event: 1.306 Thread 0x0000000027692800 nmethod 731 0x0000000002818890 code [0x0000000002818a00, 0x0000000002818d90]
Event: 1.306 Thread 0x0000000027692800  732       3       java.util.regex.ASCII::isType (15 bytes)
Event: 1.306 Thread 0x0000000027692800 nmethod 732 0x0000000002818f10 code [0x0000000002819080, 0x00000000028192f0]
Event: 1.306 Thread 0x0000000027692800  733       3       java.lang.Character::isHighSurrogate (18 bytes)
Event: 1.306 Thread 0x0000000027692800 nmethod 733 0x0000000002819410 code [0x0000000002819560, 0x0000000002819730]

GC Heap History (0 events):
No events

Deoptimization events (3 events):
Event: 0.681 Thread 0x000000000231e000 Uncommon trap: reason=unstable_if action=reinterpret pc=0x00000000026da8e8 method=java.lang.String.indexOf([CII[CIII)I @ 3
Event: 1.241 Thread 0x00000000285f5800 Uncommon trap: reason=unstable_if action=reinterpret pc=0x00000000027e5a28 method=java.util.HashMap.containsKey(Ljava/lang/Object;)Z @ 9
Event: 1.252 Thread 0x000000000231e000 Uncommon trap: reason=unstable_if action=reinterpret pc=0x00000000027e2d70 method=java.lang.reflect.AccessibleObject.setAccessible0(Ljava/lang/reflect/AccessibleObject;Z)V @ 4

Internal exceptions (10 events):
Event: 0.076 Thread 0x000000000231e000 Exception <a 'java/security/PrivilegedActionException'> (0x0000000715b218c8) thrown at [C:\workspace\8-2-build-windows-amd64-cygwin\jdk8u65\4987\hotspot\src\share\vm\prims\jvm.cpp, line 1386]
Event: 0.076 Thread 0x000000000231e000 Exception <a 'java/security/PrivilegedActionException'> (0x0000000715b257e8) thrown at [C:\workspace\8-2-build-windows-amd64-cygwin\jdk8u65\4987\hotspot\src\share\vm\prims\jvm.cpp, line 1386]
Event: 0.076 Thread 0x000000000231e000 Exception <a 'java/security/PrivilegedActionException'> (0x0000000715b259f8) thrown at [C:\workspace\8-2-build-windows-amd64-cygwin\jdk8u65\4987\hotspot\src\share\vm\prims\jvm.cpp, line 1386]
Event: 0.078 Thread 0x000000000231e000 Exception <a 'java/io/FileNotFoundException'> (0x0000000715b27cd0) thrown at [C:\workspace\8-2-build-windows-amd64-cygwin\jdk8u65\4987\hotspot\src\share\vm\prims\jni.cpp, line 709]
Event: 0.097 Thread 0x000000000231e000 Exception <a 'java/lang/NoSuchFieldError': method resolution failed> (0x0000000715bf5b88) thrown at [C:\workspace\8-2-build-windows-amd64-cygwin\jdk8u65\4987\hotspot\src\share\vm\prims\methodHandles.cpp, line 1146]
Event: 0.098 Thread 0x000000000231e000 Exception <a 'java/lang/NoSuchFieldError': method resolution failed> (0x0000000715c02f58) thrown at [C:\workspace\8-2-build-windows-amd64-cygwin\jdk8u65\4987\hotspot\src\share\vm\prims\methodHandles.cpp, line 1146]
Event: 0.121 Thread 0x000000000231e000 Exception <a 'java/io/FileNotFoundException'> (0x000000071644d7d0) thrown at [C:\workspace\8-2-build-windows-amd64-cygwin\jdk8u65\4987\hotspot\src\share\vm\prims\jni.cpp, line 709]
Event: 1.258 Thread 0x000000000231e000 Exception <a 'java/lang/reflect/InvocationTargetException'> (0x00000007178aa330) thrown at [C:\workspace\8-2-build-windows-amd64-cygwin\jdk8u65\4987\hotspot\src\share\vm\runtime\reflection.cpp, line 1092]
Event: 1.315 Thread 0x000000002873a000 Exception <a 'java/io/FileNotFoundException'> (0x0000000717165288) thrown at [C:\workspace\8-2-build-windows-amd64-cygwin\jdk8u65\4987\hotspot\src\share\vm\prims\jni.cpp, line 709]
Event: 1.315 Thread 0x000000002873a000 Exception <a 'java/io/FileNotFoundException'> (0x0000000717166430) thrown at [C:\workspace\8-2-build-windows-amd64-cygwin\jdk8u65\4987\hotspot\src\share\vm\prims\jni.cpp, line 709]

Events (10 events):
Event: 1.315 loading class java/util/regex/Pattern$CharPropertyNames$21
Event: 1.315 loading class java/util/regex/Pattern$CharPropertyNames$21 done
Event: 1.315 loading class java/util/regex/Pattern$CharPropertyNames$22
Event: 1.315 loading class java/util/regex/Pattern$CharPropertyNames$22 done
Event: 1.315 loading class java/util/regex/Pattern$CharPropertyNames$23
Event: 1.315 loading class java/util/regex/Pattern$CharPropertyNames$23 done
Event: 1.315 loading class java/util/regex/Pattern$All
Event: 1.315 loading class java/util/regex/Pattern$All done
Event: 1.315 loading class java/util/regex/Pattern$6
Event: 1.315 loading class java/util/regex/Pattern$6 done


Dynamic libraries:
0x00007ff6190d0000 - 0x00007ff619107000 	C:\Program Files\Java\jdk1.8.0_65\bin\java.exe
0x00007ffcb1280000 - 0x00007ffcb1442000 	C:\Windows\SYSTEM32\ntdll.dll
0x00007ffcafb90000 - 0x00007ffcafc3d000 	C:\Windows\system32\KERNEL32.DLL
0x00007ffcadfd0000 - 0x00007ffcae1ad000 	C:\Windows\system32\KERNELBASE.dll
0x00007ffcaedf0000 - 0x00007ffcaee96000 	C:\Windows\system32\ADVAPI32.dll
0x00007ffcae950000 - 0x00007ffcae9ed000 	C:\Windows\system32\msvcrt.dll
0x00007ffcaf830000 - 0x00007ffcaf88b000 	C:\Windows\system32\sechost.dll
0x00007ffcafa60000 - 0x00007ffcafb86000 	C:\Windows\system32\RPCRT4.dll
0x00007ffcaeca0000 - 0x00007ffcaedee000 	C:\Windows\system32\USER32.dll
0x00007ffcaf2e0000 - 0x00007ffcaf465000 	C:\Windows\system32\GDI32.dll
0x00007ffca9520000 - 0x00007ffca9794000 	C:\Windows\WinSxS\amd64_microsoft.windows.common-controls_6595b64144ccf1df_6.0.10240.16384_none_f41f7b285750ef43\COMCTL32.dll
0x00007ffcb1180000 - 0x00007ffcb11b6000 	C:\Windows\system32\IMM32.DLL
0x00007ffcaf890000 - 0x00007ffcaf9ec000 	C:\Windows\system32\MSCTF.dll
0x0000000054810000 - 0x00000000548e2000 	C:\Program Files\Java\jdk1.8.0_65\jre\bin\msvcr100.dll
0x00000000538e0000 - 0x0000000054169000 	C:\Program Files\Java\jdk1.8.0_65\jre\bin\server\jvm.dll
0x00007ffcb1270000 - 0x00007ffcb1278000 	C:\Windows\system32\PSAPI.DLL
0x00007ffc926d0000 - 0x00007ffc926d9000 	C:\Windows\SYSTEM32\WSOCK32.dll
0x00007ffcac200000 - 0x00007ffcac223000 	C:\Windows\SYSTEM32\WINMM.dll
0x00007ffca9850000 - 0x00007ffca985a000 	C:\Windows\SYSTEM32\VERSION.dll
0x00007ffcaf610000 - 0x00007ffcaf679000 	C:\Windows\system32\WS2_32.dll
0x00007ffcafc40000 - 0x00007ffcafc48000 	C:\Windows\system32\NSI.dll
0x00007ffcabee0000 - 0x00007ffcabf0c000 	C:\Windows\SYSTEM32\WINMMBASE.dll
0x00007ffcadd50000 - 0x00007ffcadd94000 	C:\Windows\system32\cfgmgr32.dll
0x00007ffcac620000 - 0x00007ffcac647000 	C:\Windows\SYSTEM32\DEVOBJ.dll
0x0000000054800000 - 0x000000005480f000 	C:\Program Files\Java\jdk1.8.0_65\jre\bin\verify.dll
0x00000000547d0000 - 0x00000000547f9000 	C:\Program Files\Java\jdk1.8.0_65\jre\bin\java.dll
0x00000000547b0000 - 0x00000000547c6000 	C:\Program Files\Java\jdk1.8.0_65\jre\bin\zip.dll
0x00007ffcafc50000 - 0x00007ffcb1173000 	C:\Windows\system32\SHELL32.dll
0x00007ffcae1b0000 - 0x00007ffcae7d9000 	C:\Windows\system32\windows.storage.dll
0x00007ffcaeea0000 - 0x00007ffcaf11c000 	C:\Windows\system32\combase.dll
0x00007ffcaf4d0000 - 0x00007ffcaf521000 	C:\Windows\system32\shlwapi.dll
0x00007ffcadd40000 - 0x00007ffcadd4f000 	C:\Windows\system32\kernel.appcore.dll
0x00007ffcae890000 - 0x00007ffcae943000 	C:\Windows\system32\shcore.dll
0x00007ffcadcd0000 - 0x00007ffcadd1a000 	C:\Windows\system32\powrprof.dll
0x00007ffcadd20000 - 0x00007ffcadd33000 	C:\Windows\system32\profapi.dll
0x00007ffca4180000 - 0x00007ffca4190000 	C:\Program Files (x86)\JetBrains\IntelliJ IDEA Community Edition 2016.2.3\bin\breakgen64.dll
0x0000000054790000 - 0x00000000547aa000 	C:\Program Files\Java\jdk1.8.0_65\jre\bin\net.dll
0x00007ffcad520000 - 0x00007ffcad57d000 	C:\Windows\system32\mswsock.dll
0x00000000545d0000 - 0x0000000054768000 	C:\Program Files\Java\jdk1.8.0_65\jre\bin\awt.dll
0x00007ffcae9f0000 - 0x00007ffcaeaae000 	C:\Windows\system32\OLEAUT32.dll
0x00007ffcac3e0000 - 0x00007ffcac458000 	C:\Windows\system32\apphelp.dll
0x00007ffcab2b0000 - 0x00007ffcab2d2000 	C:\Windows\system32\DWMAPI.DLL
0x00007ffcac580000 - 0x00007ffcac616000 	C:\Windows\system32\uxtheme.dll
0x00007ffcaf6e0000 - 0x00007ffcaf821000 	C:\Windows\system32\ole32.dll
0x00007ffcadb00000 - 0x00007ffcadb6b000 	C:\Windows\SYSTEM32\bcryptPrimitives.dll
0x00007ffc8bfd0000 - 0x00007ffc8c1e0000 	C:\Windows\system32\d3d9.dll
0x00007ffc869e0000 - 0x00007ffc87aa5000 	C:\Windows\SYSTEM32\nvd3dumx.dll
0x00007ffc9abd0000 - 0x00007ffc9ad99000 	C:\Windows\system32\nvspcap64.dll
0x00007ffcaeab0000 - 0x00007ffcaec75000 	C:\Windows\system32\SETUPAPI.dll
0x00007ffca5fa0000 - 0x00007ffca6076000 	C:\Windows\SYSTEM32\WINHTTP.dll
0x00007ffca8f10000 - 0x00007ffca9303000 	C:\Windows\system32\nvapi64.dll
0x00007ffcaae30000 - 0x00007ffcaaecc000 	C:\Windows\SYSTEM32\dxgi.dll
0x00007ffca8da0000 - 0x00007ffca8e86000 	C:\Program Files (x86)\NVIDIA Corporation\3D Vision\nvSCPAPI64.dll
0x00007ffcad6b0000 - 0x00007ffcad6c7000 	C:\Windows\SYSTEM32\CRYPTSP.dll
0x00007ffcad7f0000 - 0x00007ffcad818000 	C:\Windows\SYSTEM32\bcrypt.dll
0x00007ffcad1b0000 - 0x00007ffcad1e3000 	C:\Windows\system32\rsaenh.dll
0x00007ffcad3b0000 - 0x00007ffcad3cf000 	C:\Windows\SYSTEM32\USERENV.dll
0x00007ffcad790000 - 0x00007ffcad79b000 	C:\Windows\SYSTEM32\CRYPTBASE.dll
0x00007ffcabc90000 - 0x00007ffcabcc8000 	C:\Windows\SYSTEM32\IPHLPAPI.DLL
0x00007ffcabac0000 - 0x00007ffcabacb000 	C:\Windows\SYSTEM32\WINNSI.DLL
0x00007ffca6960000 - 0x00007ffca6976000 	C:\Windows\SYSTEM32\dhcpcsvc6.DLL
0x00007ffca6940000 - 0x00007ffca695a000 	C:\Windows\SYSTEM32\dhcpcsvc.DLL
0x0000000054770000 - 0x0000000054781000 	C:\Program Files\Java\jdk1.8.0_65\jre\bin\nio.dll
0x00000000637c0000 - 0x00000000637cd000 	C:\Users\Jaskarn Jagpal\AppData\Local\Temp\jogamp_0000\file_cache\jln2534759745899084743\jln6235958839808078306\natives\windows-amd64\gluegen-rt.dll
0x00000000545b0000 - 0x00000000545b7000 	C:\Program Files\Java\jdk1.8.0_65\jre\bin\jawt.dll
0x000000006a440000 - 0x000000006a44d000 	C:\Users\Jaskarn Jagpal\AppData\Local\Temp\jogamp_0000\file_cache\jln2534759745899084743\jln6235958839808078306\natives\windows-amd64\nativewindow_awt.dll
0x000000006c100000 - 0x000000006c10f000 	C:\Users\Jaskarn Jagpal\AppData\Local\Temp\jogamp_0000\file_cache\jln2534759745899084743\jln6235958839808078306\natives\windows-amd64\nativewindow_win32.dll
0x00007ffc9f1f0000 - 0x00007ffc9f318000 	C:\Windows\SYSTEM32\OpenGL32.dll
0x00007ffc9f3c0000 - 0x00007ffc9f3ee000 	C:\Windows\SYSTEM32\GLU32.dll
0x00007ffc97950000 - 0x00007ffc97a46000 	C:\Windows\SYSTEM32\DDRAW.dll
0x00007ffca39b0000 - 0x00007ffca39b8000 	C:\Windows\SYSTEM32\DCIMAN32.dll
0x0000000064500000 - 0x00000000645b1000 	C:\Users\Jaskarn Jagpal\AppData\Local\Temp\jogamp_0000\file_cache\jln2534759745899084743\jln6235958839808078306\natives\windows-amd64\jogl_desktop.dll
0x0000000064340000 - 0x00000000643a2000 	C:\Users\Jaskarn Jagpal\AppData\Local\Temp\jogamp_0000\file_cache\jln2534759745899084743\jln6235958839808078306\natives\windows-amd64\jogl_mobile.dll
0x0000000051770000 - 0x00000000538e0000 	C:\Windows\SYSTEM32\nvoglv64.DLL
0x00007ffcac460000 - 0x00007ffcac473000 	C:\Windows\SYSTEM32\WTSAPI32.dll
0x00007ffca8b10000 - 0x00007ffca8c9a000 	C:\Windows\SYSTEM32\Dbghelp.dll
0x00007ffcadda0000 - 0x00007ffcaddf4000 	C:\Windows\system32\WINTRUST.dll
0x00007ffcadcb0000 - 0x00007ffcadcc1000 	C:\Windows\system32\MSASN1.dll
0x00007ffcade00000 - 0x00007ffcadfc1000 	C:\Windows\system32\CRYPT32.dll
0x00007ffcad040000 - 0x00007ffcad072000 	C:\Windows\SYSTEM32\ntmarta.dll
0x00007ffcace30000 - 0x00007ffcace88000 	C:\Windows\SYSTEM32\WINSTA.dll
0x0000000054560000 - 0x00000000545a7000 	C:\Program Files\Java\jdk1.8.0_65\jre\bin\fontmanager.dll

VM Arguments:
jvm_args: -Didea.launcher.port=7539 -Didea.launcher.bin.path=C:\Program Files (x86)\JetBrains\IntelliJ IDEA Community Edition 2016.2.3\bin -Dfile.encoding=UTF-8 
java_command: com.intellij.rt.execution.application.AppMain a1
java_class_path (initial): C:\Program Files\Java\jdk1.8.0_65\jre\lib\charsets.jar;C:\Program Files\Java\jdk1.8.0_65\jre\lib\deploy.jar;C:\Program Files\Java\jdk1.8.0_65\jre\lib\ext\access-bridge-64.jar;C:\Program Files\Java\jdk1.8.0_65\jre\lib\ext\cldrdata.jar;C:\Program Files\Java\jdk1.8.0_65\jre\lib\ext\dnsns.jar;C:\Program Files\Java\jdk1.8.0_65\jre\lib\ext\jaccess.jar;C:\Program Files\Java\jdk1.8.0_65\jre\lib\ext\jfxrt.jar;C:\Program Files\Java\jdk1.8.0_65\jre\lib\ext\localedata.jar;C:\Program Files\Java\jdk1.8.0_65\jre\lib\ext\nashorn.jar;C:\Program Files\Java\jdk1.8.0_65\jre\lib\ext\sunec.jar;C:\Program Files\Java\jdk1.8.0_65\jre\lib\ext\sunjce_provider.jar;C:\Program Files\Java\jdk1.8.0_65\jre\lib\ext\sunmscapi.jar;C:\Program Files\Java\jdk1.8.0_65\jre\lib\ext\sunpkcs11.jar;C:\Program Files\Java\jdk1.8.0_65\jre\lib\ext\zipfs.jar;C:\Program Files\Java\jdk1.8.0_65\jre\lib\javaws.jar;C:\Program Files\Java\jdk1.8.0_65\jre\lib\jce.jar;C:\Program Files\Java\jdk1.8.0_65\jre\lib\jfr.jar;C:\Program Files\Java\jdk1.8.0_65\jre\lib\jfxswt.jar;C:\Program Files\Java\jdk1.8.0_65\jre\lib\jsse.jar;C:\Program Files\Java\jdk1.8.0_65\jre\lib\management-agent.jar;C:\Program Files\Java\jdk1.8.0_65\jre\lib\plugin.jar;C:\Program Files\Java\jdk1.8.0_65\jre\lib\resources.jar;C:\Program Files\Java\jdk1.8.0_65\jre\lib\rt.jar;D:\Csc 155\Chapter_02_opengl\Chapter_02_opengl\Prog2_6_animation\a1\out\production\a1;D:\Downloads\graphicslib3D\graphicslib3D\graphicslib3D.jar;D:\Downloads\jogamp-all-platforms\jogamp-all-platforms\jar\gluegen-rt.jar;D:\Downloads\jogamp-all-platforms\jogamp-all-platforms\jar\jogl-all.jar;C:\Program Files (x86)\JetBrains\IntelliJ IDEA Community Edition 2016.2.3\lib\idea_rt.jar
Launcher Type: SUN_STANDARD

Environment Variables:
PATH=C:\ProgramData\Oracle\Java\javapath;C:\Windows\system32;C:\Windows;C:\Windows\System32\Wbem;C:\Windows\System32\WindowsPowerShell\v1.0\;C:\Program Files (x86)\NVIDIA Corporation\PhysX\Common;C:\Program Files (x86)\Common Files\Acronis\VirtualFile\;C:\Program Files (x86)\Common Files\Acronis\VirtualFile64\;C:\Program Files (x86)\Common Files\Acronis\SnapAPI\
USERNAME=Jaskarn Jagpal
OS=Windows_NT
PROCESSOR_IDENTIFIER=Intel64 Family 6 Model 60 Stepping 3, GenuineIntel



---------------  S Y S T E M  ---------------

OS: Windows 10.0 , 64 bit Build 10240 (10.0.10240.16384)

CPU:total 8 (4 cores per cpu, 2 threads per core) family 6 model 60 stepping 3, cmov, cx8, fxsr, mmx, sse, sse2, sse3, ssse3, sse4.1, sse4.2, popcnt, avx, avx2, aes, clmul, erms, lzcnt, ht, tsc, tscinvbit, bmi1, bmi2

Memory: 4k page, physical 33492872k(27000908k free), swap 38473608k(23221564k free)

vm_info: Java HotSpot(TM) 64-Bit Server VM (25.65-b01) for windows-amd64 JRE (1.8.0_65-b17), built on Oct  6 2015 16:39:20 by "java_re" with MS VC++ 10.0 (VS2010)

time: Thu Sep 08 16:50:29 2016
elapsed time: 1 seconds (0d 0h 0m 1s)

